2018-10-01 12:04:14,883 INFO save_figs - Figures Done - Elapsed time =00:03:29.941
2018-10-01 12:05:30,859 INFO save_figs - Figures Done - Elapsed time =00:00:33.224
2018-10-01 12:08:22,271 INFO init - start
2018-10-01 12:10:41,932 INFO run_analysis - Analysis started
2018-10-01 12:11:10,430 ERROR run_analysis - error :Unrecognized variable name 'sdar_time'. in SDAR.faster_slicer line:64
2018-10-01 12:11:10,434 DEBUG run_analysis - SDAR.faster_slicer line: 64
2018-10-01 12:11:10,436 DEBUG run_analysis - SDAR.SDAR line: 39
2018-10-01 12:11:10,439 DEBUG run_analysis - FT_Interface.run_analysis line: 184
2018-10-01 12:11:10,442 DEBUG run_analysis - Run_Callback line: 481
2018-10-01 12:11:10,445 DEBUG run_analysis - gui_mainfcn line: 95
2018-10-01 12:11:10,448 DEBUG run_analysis - FAST line: 42
2018-10-01 12:11:10,450 DEBUG run_analysis - @(hObject,eventdata)FAST('Run_Callback',hObject,eventdata,guidata(hObject)) line: 0
2018-10-01 12:11:10,453 INFO run_analysis - Analysis Complete - Elapsed time =00:00:28.523
2018-10-01 12:13:42,974 INFO run_analysis - Analysis started
2018-10-01 12:14:28,570 ERROR run_analysis - error :Unrecognized variable name 'sdar_time'. in SDAR.faster_slicer line:64
2018-10-01 12:14:28,573 DEBUG run_analysis - SDAR.faster_slicer line: 64
2018-10-01 12:14:28,576 DEBUG run_analysis - SDAR.SDAR line: 39
2018-10-01 12:14:28,578 DEBUG run_analysis - FT_Interface.run_analysis line: 184
2018-10-01 12:14:28,580 DEBUG run_analysis - Run_Callback line: 481
2018-10-01 12:14:28,583 DEBUG run_analysis - gui_mainfcn line: 95
2018-10-01 12:14:28,586 DEBUG run_analysis - FAST line: 42
2018-10-01 12:14:28,588 DEBUG run_analysis - @(hObject,eventdata)FAST('Run_Callback',hObject,eventdata,guidata(hObject)) line: 0
2018-10-01 12:14:28,591 INFO run_analysis - Analysis Complete - Elapsed time =00:00:45.618
2018-10-01 12:14:34,192 INFO init - start
2018-10-01 12:15:11,888 INFO run_analysis - Analysis started
2018-10-01 12:16:11,727 WARN run_analysis - FPGA log not found.
2018-10-01 12:16:11,875 WARN run_analysis - transcript file not found.
2018-10-01 12:16:11,882 INFO run_analysis - Analysis Complete - Elapsed time =00:00:59.993
2018-10-01 12:16:59,966 INFO save_figs - Figures Done - Elapsed time =00:00:30.473
2018-10-01 12:17:47,380 INFO init - start
2018-10-01 12:19:43,223 INFO run_analysis - Analysis started
2018-10-01 12:20:21,950 WARN run_analysis - FPGA log not found.
2018-10-01 12:20:22,045 WARN run_analysis - transcript file not found.
2018-10-01 12:20:22,052 INFO run_analysis - Analysis Complete - Elapsed time =00:00:38.828
2018-10-01 12:21:02,049 INFO save_figs - Figures Done - Elapsed time =00:00:26.435
2018-10-01 13:48:30,538 INFO init - start
2018-10-01 13:48:37,062 INFO init - start
2018-10-01 13:49:40,892 INFO run_analysis - Analysis started
2018-10-01 13:50:35,961 WARN run_analysis - FPGA log not found.
2018-10-01 13:50:36,272 WARN run_analysis - transcript file not found.
2018-10-01 13:50:36,279 INFO run_analysis - Analysis Complete - Elapsed time =00:00:55.386
2018-10-01 13:51:19,923 INFO init - start
2018-10-01 13:52:40,589 INFO run_analysis - Analysis started
2018-10-01 13:53:46,176 WARN run_analysis - FPGA log not found.
2018-10-01 13:53:46,336 WARN run_analysis - transcript file not found.
2018-10-01 13:53:46,340 INFO run_analysis - Analysis Complete - Elapsed time =00:01:05.752
2018-10-01 13:54:28,483 INFO save_figs - Figures Done - Elapsed time =00:00:36.606
2018-10-01 15:28:19,339 INFO init - start
2018-10-01 15:28:56,226 INFO run_analysis - Analysis started
2018-10-01 15:29:35,464 WARN run_analysis - MGSs file not
2018-10-01 15:29:35,469 WARN run_analysis - FPGA log not found.
2018-10-01 15:29:35,485 WARN run_analysis - transcript file not found.
2018-10-01 15:29:35,495 INFO run_analysis - Analysis Complete - Elapsed time =00:00:39.265
2018-10-01 15:30:06,326 INFO save_figs - Figures Done - Elapsed time =00:00:25.281
2018-10-01 15:42:42,147 INFO init - start
2018-10-01 15:43:02,829 INFO init - start
2018-10-01 15:56:59,145 INFO init - start
2018-10-01 16:15:17,242 INFO init - start
2018-10-01 16:15:48,643 INFO init - start
2018-10-01 16:19:04,496 INFO init - start
2018-10-01 16:20:26,254 INFO init - start
2018-10-01 16:24:23,483 INFO init - start
2018-10-01 16:25:37,490 INFO init - start
2018-10-01 16:28:03,012 INFO init - start
2018-10-01 16:29:42,645 INFO init - start
2018-10-01 16:34:29,640 INFO init - start
2018-10-01 16:37:09,147 INFO init - start
2018-10-01 16:39:29,714 INFO init - start
2018-10-01 16:40:17,563 INFO init - start
2018-10-01 16:41:04,709 INFO init - start
2018-10-01 16:43:28,565 INFO init - start
2018-10-01 16:48:41,457 INFO init - start
2018-10-01 16:49:12,888 INFO init - start
2018-10-01 16:49:45,930 INFO init - start
2018-10-01 16:50:43,962 INFO run_analysis - Analysis started
2018-10-01 16:51:18,466 WARN run_analysis - MGSs file not
2018-10-01 16:51:18,472 WARN run_analysis - FPGA log not found.
2018-10-01 16:51:18,736 WARN run_analysis - transcript file not found.
2018-10-01 16:51:18,743 INFO run_analysis - Analysis Complete - Elapsed time =00:00:34.777
2018-10-01 16:51:55,953 INFO save_figs - Figures Done - Elapsed time =00:00:30.583
2018-10-01 16:52:40,173 INFO init - start
2018-10-01 21:36:24,089 INFO init - start
2018-10-01 21:41:46,776 INFO init - start
2018-10-01 21:42:28,456 INFO run_analysis - Analysis started
2018-10-01 21:42:51,724 ERROR run_analysis - error :Undefined function or variable 'get_utc_time'. in FT_Interface.run_analysis line:191
2018-10-01 21:42:51,737 DEBUG run_analysis - FT_Interface.run_analysis line: 191
2018-10-01 21:42:51,760 DEBUG run_analysis - Run_Callback line: 482
2018-10-01 21:42:51,764 DEBUG run_analysis - gui_mainfcn line: 95
2018-10-01 21:42:51,770 DEBUG run_analysis - FAST line: 42
2018-10-01 21:42:51,775 DEBUG run_analysis - @(hObject,eventdata)FAST('Run_Callback',hObject,eventdata,guidata(hObject)) line: 0
2018-10-01 21:42:51,786 INFO run_analysis - Analysis Complete - Elapsed time =00:00:25.239
2018-10-01 21:43:39,710 INFO run_analysis - Analysis started
2018-10-01 21:44:12,440 WARN run_analysis - MGSs file not
2018-10-01 21:44:12,445 WARN run_analysis - FPGA log not found.
2018-10-01 21:44:12,450 ERROR run_analysis - error :Undefined function or variable 'u'. in FT_Interface.run_analysis line:218
2018-10-01 21:44:12,454 DEBUG run_analysis - FT_Interface.run_analysis line: 218
2018-10-01 21:44:12,456 DEBUG run_analysis - Run_Callback line: 482
2018-10-01 21:44:12,458 DEBUG run_analysis - gui_mainfcn line: 95
2018-10-01 21:44:12,511 DEBUG run_analysis - FAST line: 42
2018-10-01 21:44:12,518 DEBUG run_analysis - @(hObject,eventdata)FAST('Run_Callback',hObject,eventdata,guidata(hObject)) line: 0
2018-10-01 21:44:12,524 INFO run_analysis - Analysis Complete - Elapsed time =00:00:35.819
2018-10-01 21:45:16,243 INFO run_analysis - Analysis started
2018-10-01 21:45:48,297 WARN run_analysis - MGSs file not
2018-10-01 21:45:48,302 WARN run_analysis - FPGA log not found.
2018-10-01 21:45:48,336 WARN run_analysis - transcript file not found.
2018-10-01 21:45:48,340 INFO run_analysis - Analysis Complete - Elapsed time =00:00:34.358
2018-10-01 21:46:35,617 INFO save_figs - Figures Done - Elapsed time =00:00:28.673
2018-10-02 15:38:21,296 INFO init - start
2018-10-02 15:40:25,212 INFO init - start
2018-10-02 15:49:42,745 INFO run_analysis - Analysis started
2018-10-02 15:55:45,689 ERROR run_analysis - error :Struct contents reference from a non-struct array object. in FT_Interface.get_info_cessna line:359
2018-10-02 15:55:45,697 DEBUG run_analysis - FT_Interface.get_info_cessna line: 359
2018-10-02 15:55:45,699 DEBUG run_analysis - FT_Interface.run_analysis line: 218
2018-10-02 15:55:45,701 DEBUG run_analysis - Run_Callback line: 482
2018-10-02 15:55:45,704 DEBUG run_analysis - gui_mainfcn line: 95
2018-10-02 15:55:45,707 DEBUG run_analysis - FAST line: 42
2018-10-02 15:55:45,710 DEBUG run_analysis - @(hObject,eventdata)FAST('Run_Callback',hObject,eventdata,guidata(hObject)) line: 0
2018-10-02 15:55:45,717 INFO run_analysis - Analysis Complete - Elapsed time =00:06:02.948
2018-10-02 16:00:03,587 INFO init - start
2018-10-02 16:00:42,260 INFO run_analysis - Analysis started
2018-10-02 16:00:59,787 WARN run_analysis - MGSs file not
2018-10-02 16:00:59,790 WARN run_analysis - FPGA log not found.
2018-10-02 16:01:29,780 WARN run_analysis - transcript file not found.
2018-10-02 16:01:29,818 INFO run_analysis - Analysis Complete - Elapsed time =00:00:47.552
2018-10-02 16:01:48,671 INFO save_figs - Figures Done - Elapsed time =00:00:11.477
2018-10-02 16:02:07,480 INFO init - start
2018-10-02 16:03:05,802 INFO run_analysis - Analysis started
2018-10-02 16:03:23,980 WARN run_analysis - MGSs file not
2018-10-02 16:03:27,286 INFO run_analysis - Analysis Complete - Elapsed time =00:00:21.483
2018-10-02 16:03:48,636 INFO save_figs - Figures Done - Elapsed time =00:00:11.927
2018-10-02 16:04:07,908 INFO init - start
2018-10-02 16:07:31,935 INFO run_analysis - Analysis started
2018-10-02 16:18:32,086 INFO run_analysis - Analysis Complete - Elapsed time =00:11:00.111
2018-10-02 16:24:22,062 INFO save_figs - Figures Done - Elapsed time =00:00:23.279
2018-10-02 17:03:17,544 INFO init - start
2018-10-02 17:05:33,452 INFO run_analysis - Analysis started
2018-10-02 17:12:01,354 INFO run_analysis - Analysis Complete - Elapsed time =00:06:27.881
2018-10-02 17:12:45,763 INFO save_figs - Figures Done - Elapsed time =00:00:20.956
2018-10-02 17:16:36,924 INFO generate report - Complete - Elapsed time =00:00:48.386
2018-10-02 17:18:43,611 INFO init - start
2018-10-02 17:25:52,784 INFO run_analysis - Analysis started
2018-10-02 17:28:43,965 INFO run_analysis - Analysis Complete - Elapsed time =00:02:51.173
2018-10-02 17:29:21,822 INFO save_figs - Figures Done - Elapsed time =00:00:24.286
2018-10-02 17:30:21,459 INFO init - start
2018-10-02 17:39:53,509 INFO run_analysis - Analysis started
2018-10-02 17:40:59,528 WARN run_analysis - MGSs file not
2018-10-02 17:40:59,533 WARN run_analysis - FPGA log not found.
2018-10-02 17:40:59,545 WARN run_analysis - transcript file not found.
2018-10-02 17:40:59,549 INFO run_analysis - Analysis Complete - Elapsed time =00:01:06.035
2018-10-02 17:41:38,993 INFO save_figs - Figures Done - Elapsed time =00:00:29.114
2018-10-02 17:46:42,344 INFO init - start
2018-10-02 17:53:35,022 INFO run_analysis - Analysis started
2018-10-02 17:56:04,427 WARN run_analysis - FPGA log not found.
2018-10-02 17:56:04,440 WARN run_analysis - transcript file not found.
2018-10-02 17:56:04,442 INFO run_analysis - Analysis Complete - Elapsed time =00:02:29.411
2018-10-02 17:57:15,708 INFO save_figs - Figures Done - Elapsed time =00:00:43.081
2018-10-02 18:01:36,664 INFO init - start
2018-10-02 18:04:33,299 INFO run_analysis - Analysis started
2018-10-02 18:08:29,660 WARN run_analysis - FPGA log not found.
2018-10-02 18:08:29,872 WARN run_analysis - transcript file not found.
2018-10-02 18:08:29,876 INFO run_analysis - Analysis Complete - Elapsed time =00:03:56.563
2018-10-02 18:09:40,751 INFO save_figs - Figures Done - Elapsed time =00:00:55.527
2018-10-02 18:12:19,740 INFO init - start
2018-10-02 18:14:29,082 INFO run_analysis - Analysis started
2018-10-02 18:17:29,818 ERROR run_analysis - error :Insufficient data.
You need at least 2 data points to fit this model. in iFit line:261
2018-10-02 18:17:29,823 DEBUG run_analysis - iFit line: 261
2018-10-02 18:17:29,825 DEBUG run_analysis - fit line: 108
2018-10-02 18:17:29,828 DEBUG run_analysis - MGS.fitting2 line: 138
2018-10-02 18:17:29,832 DEBUG run_analysis - MGS.MGS line: 34
2018-10-02 18:17:29,835 DEBUG run_analysis - FT_Interface.run_analysis line: 201
2018-10-02 18:17:29,837 DEBUG run_analysis - Run_Callback line: 482
2018-10-02 18:17:29,840 DEBUG run_analysis - gui_mainfcn line: 95
2018-10-02 18:17:29,842 DEBUG run_analysis - FAST line: 42
2018-10-02 18:17:29,845 DEBUG run_analysis - @(hObject,eventdata)FAST('Run_Callback',hObject,eventdata,guidata(hObject)) line: 0
2018-10-02 18:17:29,849 INFO run_analysis - Analysis Complete - Elapsed time =00:03:00.755
2018-10-02 18:19:03,890 INFO run_analysis - Analysis started
2018-10-02 18:22:00,715 ERROR run_analysis - error :Insufficient data.
You need at least 2 data points to fit this model. in iFit line:261
2018-10-02 18:22:00,717 DEBUG run_analysis - iFit line: 261
2018-10-02 18:22:00,719 DEBUG run_analysis - fit line: 108
2018-10-02 18:22:00,720 DEBUG run_analysis - MGS.fitting2 line: 138
2018-10-02 18:22:00,723 DEBUG run_analysis - MGS.MGS line: 34
2018-10-02 18:22:00,727 DEBUG run_analysis - FT_Interface.run_analysis line: 201
2018-10-02 18:22:00,731 DEBUG run_analysis - Run_Callback line: 482
2018-10-02 18:22:00,733 DEBUG run_analysis - gui_mainfcn line: 95
2018-10-02 18:22:00,734 DEBUG run_analysis - FAST line: 42
2018-10-02 18:22:00,735 DEBUG run_analysis - @(hObject,eventdata)FAST('Run_Callback',hObject,eventdata,guidata(hObject)) line: 0
2018-10-02 18:22:00,736 INFO run_analysis - Analysis Complete - Elapsed time =00:02:56.837
2018-10-02 18:25:04,839 INFO init - start
2018-10-02 18:25:22,282 INFO run_analysis - Analysis started
2018-10-02 18:27:36,847 ERROR run_analysis - error :Insufficient data.
You need at least 2 data points to fit this model. in iFit line:261
2018-10-02 18:27:36,848 DEBUG run_analysis - iFit line: 261
2018-10-02 18:27:36,849 DEBUG run_analysis - fit line: 108
2018-10-02 18:27:36,851 DEBUG run_analysis - MGS.fitting2 line: 138
2018-10-02 18:27:36,852 DEBUG run_analysis - MGS.MGS line: 34
2018-10-02 18:27:36,853 DEBUG run_analysis - FT_Interface.run_analysis line: 201
2018-10-02 18:27:36,855 DEBUG run_analysis - Run_Callback line: 482
2018-10-02 18:27:36,857 DEBUG run_analysis - gui_mainfcn line: 95
2018-10-02 18:27:36,858 DEBUG run_analysis - FAST line: 42
2018-10-02 18:27:36,859 DEBUG run_analysis - @(hObject,eventdata)FAST('Run_Callback',hObject,eventdata,guidata(hObject)) line: 0
2018-10-02 18:27:36,863 INFO run_analysis - Analysis Complete - Elapsed time =00:02:14.572
2018-10-02 18:32:17,560 INFO run_analysis - Analysis started
2018-10-02 18:45:58,641 INFO run_analysis - Analysis started
2018-10-02 18:48:16,068 WARN run_analysis - FPGA log not found.
2018-10-02 18:48:16,230 WARN run_analysis - transcript file not found.
2018-10-02 18:48:16,233 INFO run_analysis - Analysis Complete - Elapsed time =00:02:17.584
2018-10-02 18:49:38,139 INFO save_figs - Figures Done - Elapsed time =00:00:53.466
2018-10-02 19:19:10,830 INFO run_analysis - Analysis started
2018-10-02 19:23:11,289 WARN run_analysis - FPGA log not found.
2018-10-02 19:23:11,300 WARN run_analysis - transcript file not found.
2018-10-02 19:23:11,303 INFO run_analysis - Analysis Complete - Elapsed time =00:04:00.460
2018-10-02 19:26:21,552 INFO run_analysis - Analysis started
2018-10-02 19:29:22,598 WARN run_analysis - FPGA log not found.
2018-10-02 19:29:22,705 WARN run_analysis - transcript file not found.
2018-10-02 19:29:22,713 INFO run_analysis - Analysis Complete - Elapsed time =00:03:01.145
2018-10-02 19:30:28,027 INFO save_figs - Figures Done - Elapsed time =00:00:56.484
2018-10-02 19:42:57,766 INFO save_figs - Figures Done - Elapsed time =00:08:36.926
2018-10-02 19:47:33,023 INFO run_analysis - Analysis started
2018-10-02 19:53:49,056 WARN run_analysis - FPGA log not found.
2018-10-02 19:53:49,069 WARN run_analysis - transcript file not found.
2018-10-02 19:53:49,073 INFO run_analysis - Analysis Complete - Elapsed time =00:06:16.028
2018-10-02 19:59:42,117 INFO run_analysis - Analysis started
2018-10-02 20:03:29,458 WARN run_analysis - FPGA log not found.
2018-10-02 20:03:29,616 WARN run_analysis - transcript file not found.
2018-10-02 20:03:29,618 INFO run_analysis - Analysis Complete - Elapsed time =00:03:47.488
2018-10-02 20:05:35,810 INFO save_figs - Figures Done - Elapsed time =00:00:57.938
2018-10-02 20:08:01,244 INFO init - start
2018-10-02 20:13:19,211 INFO run_analysis - Analysis started
2018-10-02 20:16:21,830 WARN run_analysis - FPGA log not found.
2018-10-02 20:16:21,842 WARN run_analysis - transcript file not found.
2018-10-02 20:16:21,845 INFO run_analysis - Analysis Complete - Elapsed time =00:03:02.624
2018-10-02 20:17:15,815 INFO save_figs - Figures Done - Elapsed time =00:00:44.862
2018-10-02 20:20:13,953 INFO init - start
2018-10-02 20:24:06,942 INFO run_analysis - Analysis started
2018-10-02 20:24:30,470 ERROR run_analysis - error :Unrecognized variable name 'sdar_time'. in SDAR.faster_slicer line:64
2018-10-02 20:24:30,472 DEBUG run_analysis - SDAR.faster_slicer line: 64
2018-10-02 20:24:30,473 DEBUG run_analysis - SDAR.SDAR line: 39
2018-10-02 20:24:30,475 DEBUG run_analysis - FT_Interface.run_analysis line: 192
2018-10-02 20:24:30,476 DEBUG run_analysis - Run_Callback line: 482
2018-10-02 20:24:30,479 DEBUG run_analysis - gui_mainfcn line: 95
2018-10-02 20:24:30,483 DEBUG run_analysis - FAST line: 42
2018-10-02 20:24:30,486 DEBUG run_analysis - @(hObject,eventdata)FAST('Run_Callback',hObject,eventdata,guidata(hObject)) line: 0
2018-10-02 20:24:30,488 INFO run_analysis - Analysis Complete - Elapsed time =00:00:23.546
2018-10-02 20:24:52,935 INFO run_analysis - Analysis started
2018-10-02 20:25:17,643 ERROR run_analysis - error :Unrecognized variable name 'sdar_time'. in SDAR.faster_slicer line:64
2018-10-02 20:25:17,645 DEBUG run_analysis - SDAR.faster_slicer line: 64
2018-10-02 20:25:17,646 DEBUG run_analysis - SDAR.SDAR line: 39
2018-10-02 20:25:17,647 DEBUG run_analysis - FT_Interface.run_analysis line: 192
2018-10-02 20:25:17,648 DEBUG run_analysis - Run_Callback line: 482
2018-10-02 20:25:17,650 DEBUG run_analysis - gui_mainfcn line: 95
2018-10-02 20:25:17,651 DEBUG run_analysis - FAST line: 42
2018-10-02 20:25:17,653 DEBUG run_analysis - @(hObject,eventdata)FAST('Run_Callback',hObject,eventdata,guidata(hObject)) line: 0
2018-10-02 20:25:17,656 INFO run_analysis - Analysis Complete - Elapsed time =00:00:24.718
2018-10-02 20:26:01,527 INFO init - start
2018-10-02 20:27:40,760 INFO run_analysis - Analysis started
2018-10-02 20:32:08,524 WARN run_analysis - FPGA log not found.
2018-10-02 20:32:08,543 WARN run_analysis - transcript file not found.
2018-10-02 20:32:08,545 INFO run_analysis - Analysis Complete - Elapsed time =00:04:27.770
2018-10-02 20:33:25,435 INFO save_figs - Figures Done - Elapsed time =00:00:59.845
2018-10-02 20:35:49,410 INFO init - start
2018-10-02 20:38:53,389 INFO run_analysis - Analysis started
2018-10-02 20:42:10,420 WARN run_analysis - FPGA log not found.
2018-10-02 20:42:10,429 WARN run_analysis - transcript file not found.
2018-10-02 20:42:10,431 INFO run_analysis - Analysis Complete - Elapsed time =00:03:17.031
2018-10-02 20:50:01,104 INFO save_figs - Figures Done - Elapsed time =00:00:54.566
2018-10-02 21:02:54,542 INFO run_analysis - Analysis started
2018-10-02 21:06:43,617 WARN run_analysis - FPGA log not found.
2018-10-02 21:07:23,473 WARN run_analysis - transcript file not found.
2018-10-02 21:07:23,505 INFO run_analysis - Analysis Complete - Elapsed time =00:04:28.946
2018-10-02 21:07:53,123 INFO run_analysis - Analysis started
2018-10-02 21:11:38,829 WARN run_analysis - FPGA log not found.
2018-10-02 21:16:02,023 WARN run_analysis - transcript file not found.
2018-10-02 21:16:02,033 INFO run_analysis - Analysis Complete - Elapsed time =00:08:08.879
2018-10-02 21:16:25,726 INFO run_analysis - Analysis started
2018-10-02 21:19:59,483 WARN run_analysis - FPGA log not found.
2018-10-02 21:21:25,043 INFO run_analysis - Analysis started
2018-10-02 21:24:59,789 WARN run_analysis - FPGA log not found.
2018-10-02 21:25:16,480 WARN run_analysis - transcript file not found.
2018-10-02 21:25:16,488 INFO run_analysis - Analysis Complete - Elapsed time =00:03:51.426
2018-10-02 21:26:29,985 INFO save_figs - Figures Done - Elapsed time =00:01:00.031
2018-10-02 21:31:07,415 INFO save_figs - Figures Done - Elapsed time =00:02:31.999
2018-10-02 21:32:54,086 INFO save_figs - Figures Done - Elapsed time =00:00:56.541
2018-10-02 21:34:09,117 INFO run_analysis - Analysis started
2018-10-02 21:37:29,327 WARN run_analysis - FPGA log not found.
2018-10-02 21:37:29,609 WARN run_analysis - transcript file not found.
2018-10-02 21:37:29,611 INFO run_analysis - Analysis Complete - Elapsed time =00:03:20.483
2018-10-02 21:38:52,202 INFO save_figs - Figures Done - Elapsed time =00:00:51.721
2018-10-02 21:48:49,555 INFO run_analysis - Analysis started
2018-10-02 22:39:29,695 INFO run_analysis - Analysis started
2018-10-02 22:39:29,709 ERROR run_analysis - error :Invalid file identifier. Use fopen to generate a valid file identifier. in Ublox.read_sdar_ublox line:36
2018-10-02 22:39:29,711 DEBUG run_analysis - Ublox.read_sdar_ublox line: 36
2018-10-02 22:39:29,713 DEBUG run_analysis - Ublox.Ublox line: 15
2018-10-02 22:39:29,714 DEBUG run_analysis - FT_Interface.run_analysis line: 180
2018-10-02 22:39:29,715 DEBUG run_analysis - Process_all_ft line: 28
2018-10-02 22:39:29,716 INFO run_analysis - Analysis Complete - Elapsed time =00:00:00.021
2018-10-02 22:39:53,155 INFO save_figs - Figures Done - Elapsed time =00:00:21.453
2018-10-04 11:43:00,096 INFO init - start
2018-10-04 11:51:46,708 INFO run_analysis - Analysis started
2018-10-04 11:51:48,823 ERROR run_analysis - error :Reference to non-existent field 'GGA'. in Ublox.Ublox line:19
2018-10-04 11:51:48,831 DEBUG run_analysis - Ublox.Ublox line: 19
2018-10-04 11:51:48,844 DEBUG run_analysis - FT_Interface.run_analysis line: 183
2018-10-04 11:51:48,866 DEBUG run_analysis - Run_Callback line: 487
2018-10-04 11:51:48,868 DEBUG run_analysis - gui_mainfcn line: 95
2018-10-04 11:51:48,871 DEBUG run_analysis - FAST line: 42
2018-10-04 11:51:48,874 DEBUG run_analysis - @(hObject,eventdata)FAST('Run_Callback',hObject,eventdata,guidata(hObject)) line: 0
2018-10-04 11:51:48,880 INFO run_analysis - Analysis Complete - Elapsed time =00:00:02.170
2018-10-04 11:52:42,054 INFO run_analysis - Analysis started
2018-10-04 11:53:21,270 ERROR run_analysis - error :Reference to non-existent field 'GGA'. in Ublox.Ublox line:19
2018-10-04 11:53:21,292 DEBUG run_analysis - Ublox.Ublox line: 19
2018-10-04 11:53:21,295 DEBUG run_analysis - FT_Interface.run_analysis line: 183
2018-10-04 11:53:21,297 DEBUG run_analysis - Run_Callback line: 487
2018-10-04 11:53:21,298 DEBUG run_analysis - gui_mainfcn line: 95
2018-10-04 11:53:21,300 DEBUG run_analysis - FAST line: 42
2018-10-04 11:53:21,304 DEBUG run_analysis - @(hObject,eventdata)FAST('Run_Callback',hObject,eventdata,guidata(hObject)) line: 0
2018-10-04 11:53:21,312 INFO run_analysis - Analysis Complete - Elapsed time =00:00:39.256
2018-10-04 11:53:31,972 INFO run_analysis - Analysis started
2018-10-04 11:53:38,160 WARN run_analysis - MGSs file not
2018-10-04 11:53:38,164 WARN run_analysis - FPGA log not found.
2018-10-04 11:53:38,454 WARN run_analysis - transcript file not found.
2018-10-04 11:53:38,458 INFO run_analysis - Analysis Complete - Elapsed time =00:00:06.485
2018-10-04 11:54:01,773 INFO save_figs - Figures Done - Elapsed time =00:00:11.027
2018-10-04 15:29:08,164 INFO init - start
2018-10-04 15:37:27,042 INFO run_analysis - Analysis started
2018-10-04 16:03:50,072 WARN run_analysis - MGSs file not
2018-10-04 16:03:50,075 WARN run_analysis - FPGA log not found.
2018-10-04 16:03:50,112 WARN run_analysis - transcript file not found.
2018-10-04 16:03:50,119 INFO run_analysis - Analysis Complete - Elapsed time =00:26:23.127
2018-10-04 16:04:47,248 INFO save_figs - Figures Done - Elapsed time =00:00:30.330
2018-10-04 16:07:17,834 INFO save_figs - Figures Done - Elapsed time =00:00:30.068
2018-10-04 16:19:06,985 INFO save_figs - Figures Done - Elapsed time =00:09:57.247
2018-10-04 16:24:36,670 INFO run_analysis - Analysis started
2018-10-04 16:27:38,606 INFO run_analysis - Analysis started
2018-10-04 16:44:44,612 INFO init - start
2018-10-04 16:49:09,767 INFO run_analysis - Analysis started
2018-10-09 16:18:21,613 INFO init - start
2018-10-09 16:18:58,777 INFO run_analysis - Analysis started
2018-10-09 16:19:18,486 WARN run_analysis - MGSs file not
2018-10-09 16:19:18,489 WARN run_analysis - FPGA log not found.
2018-10-09 16:19:18,510 WARN run_analysis - transcript file not found.
2018-10-09 16:19:18,516 INFO run_analysis - Analysis Complete - Elapsed time =00:00:19.738
2018-10-09 16:44:35,522 WARN run_analysis - MGSs file not
2018-10-09 16:44:35,529 WARN run_analysis - FPGA log not found.
2018-10-09 16:44:35,571 WARN run_analysis - transcript file not found.
2018-10-09 16:44:35,577 INFO run_analysis - Analysis Complete - Elapsed time =00:25:36.716
2018-10-09 16:48:29,542 INFO save_figs - Figures Done - Elapsed time =00:00:30.087
2018-10-09 16:52:24,401 INFO run_analysis - Analysis started
2018-10-09 17:04:40,571 INFO run_analysis - Analysis started
2018-10-09 17:07:52,513 WARN run_analysis - MGSs file not
2018-10-09 17:07:52,517 WARN run_analysis - FPGA log not found.
2018-10-09 17:07:52,541 WARN run_analysis - transcript file not found.
2018-10-09 17:07:52,548 INFO run_analysis - Analysis Complete - Elapsed time =00:03:11.975
2018-10-09 17:08:22,110 INFO save_figs - Figures Done - Elapsed time =00:00:16.101
2018-10-09 17:14:16,685 INFO generate report - Complete - Elapsed time =00:00:37.913
2018-10-15 19:54:07,882 INFO init - start
2018-10-15 19:54:28,462 INFO init - start
2018-10-15 19:55:34,127 INFO run_analysis - Analysis started
2018-10-15 19:55:41,164 WARN run_analysis - MGSs file not
2018-10-15 19:55:41,168 WARN run_analysis - FPGA log not found.
2018-10-15 19:55:41,453 WARN run_analysis - transcript file not found.
2018-10-15 19:55:41,460 INFO run_analysis - Analysis Complete - Elapsed time =00:00:07.328
2018-10-15 19:56:15,512 INFO save_figs - Figures Done - Elapsed time =00:00:23.734
2018-10-15 20:01:42,376 INFO save_figs - Figures Done - Elapsed time =00:02:40.870
2018-10-15 20:02:59,452 INFO run_analysis - Analysis started
2018-10-15 20:03:04,137 WARN run_analysis - MGSs file not
2018-10-15 20:03:04,140 WARN run_analysis - FPGA log not found.
2018-10-15 20:03:04,157 WARN run_analysis - transcript file not found.
2018-10-15 20:03:04,159 INFO run_analysis - Analysis Complete - Elapsed time =00:00:04.708
2018-10-15 20:04:29,426 INFO save_figs - Figures Done - Elapsed time =00:01:21.785
2018-10-15 20:19:33,816 INFO save_figs - Figures Done - Elapsed time =00:14:45.873
2018-10-15 20:29:23,734 INFO save_figs - Figures Done - Elapsed time =00:00:44.979
2018-10-15 20:30:46,061 INFO run_analysis - Analysis started
2018-10-15 20:30:50,845 WARN run_analysis - MGSs file not
2018-10-15 20:30:50,848 WARN run_analysis - FPGA log not found.
2018-10-15 20:30:50,872 WARN run_analysis - transcript file not found.
2018-10-15 20:30:50,875 INFO run_analysis - Analysis Complete - Elapsed time =00:00:04.813
2018-10-15 20:31:50,064 INFO run_analysis - Analysis started
2018-10-15 20:31:54,008 WARN run_analysis - MGSs file not
2018-10-15 20:31:54,012 WARN run_analysis - FPGA log not found.
2018-10-15 20:31:54,025 WARN run_analysis - transcript file not found.
2018-10-15 20:31:54,028 INFO run_analysis - Analysis Complete - Elapsed time =00:00:03.966
2018-10-15 20:33:03,907 INFO save_figs - Figures Done - Elapsed time =00:01:07.484
2018-10-15 20:34:36,208 INFO save_figs - Figures Done - Elapsed time =00:00:18.052
2018-10-15 20:35:46,553 INFO save_figs - Figures Done - Elapsed time =00:00:16.210
2018-10-15 20:36:45,580 INFO run_analysis - Analysis started
2018-10-15 20:36:49,826 WARN run_analysis - MGSs file not
2018-10-15 20:36:49,830 WARN run_analysis - FPGA log not found.
2018-10-15 20:36:49,855 WARN run_analysis - transcript file not found.
2018-10-15 20:36:49,859 INFO run_analysis - Analysis Complete - Elapsed time =00:00:04.278
2018-10-15 20:37:11,134 INFO save_figs - Figures Done - Elapsed time =00:00:13.737
2018-10-23 13:45:31,026 INFO init - start
2018-10-23 13:51:24,153 INFO run_analysis - Analysis started
2018-10-23 13:51:48,928 ERROR run_analysis - error :Cannot interpret data in the file 'E:\NAS\02_codes\git_clone\FAST\temp\xpln_logs_dme\dme_test22102018\ST__1540309511.txt'. Found 2 variable names but 1 data columns. You may need to specify a different format, delimiter, or number of header lines.

Note: readtable detected the following parameters:
'Delimiter', ']', 'HeaderLines', 4, 'ReadVariableNames', true, 'Format', '%q' in readtable line:198
2018-10-23 13:51:49,246 DEBUG run_analysis - readtable line: 198
2018-10-23 13:51:49,273 DEBUG run_analysis - Xplane.Xplane line: 15
2018-10-23 13:51:49,286 DEBUG run_analysis - FT_Interface.run_analysis line: 183
2018-10-23 13:51:49,297 DEBUG run_analysis - Run_Callback line: 487
2018-10-23 13:51:49,312 DEBUG run_analysis - gui_mainfcn line: 95
2018-10-23 13:51:49,322 DEBUG run_analysis - FAST line: 42
2018-10-23 13:51:49,331 DEBUG run_analysis - @(hObject,eventdata)FAST('Run_Callback',hObject,eventdata,guidata(hObject)) line: 0
2018-10-23 13:51:49,369 INFO run_analysis - Analysis Complete - Elapsed time =00:00:25.190
2018-10-23 13:52:54,599 INFO run_analysis - Analysis started
2018-10-23 13:53:04,701 ERROR run_analysis - error :Cannot interpret data in the file 'E:\NAS\02_codes\git_clone\FAST\temp\xpln_logs_dme\dme_test22102018\ST__1540309511.txt'. Found 2 variable names but 1 data columns. You may need to specify a different format, delimiter, or number of header lines.

Note: readtable detected the following parameters:
'Delimiter', ']', 'HeaderLines', 4, 'ReadVariableNames', true, 'Format', '%q' in readtable line:198
2018-10-23 13:53:04,713 DEBUG run_analysis - readtable line: 198
2018-10-23 13:53:04,717 DEBUG run_analysis - Xplane.Xplane line: 15
2018-10-23 13:53:04,721 DEBUG run_analysis - FT_Interface.run_analysis line: 183
2018-10-23 13:53:04,731 DEBUG run_analysis - Run_Callback line: 487
2018-10-23 13:53:04,734 DEBUG run_analysis - gui_mainfcn line: 95
2018-10-23 13:53:04,737 DEBUG run_analysis - FAST line: 42
2018-10-23 13:53:04,739 DEBUG run_analysis - @(hObject,eventdata)FAST('Run_Callback',hObject,eventdata,guidata(hObject)) line: 0
2018-10-23 13:53:04,743 INFO run_analysis - Analysis Complete - Elapsed time =00:00:10.147
2018-10-23 14:00:22,125 INFO run_analysis - Analysis started
2018-10-23 14:01:58,768 ERROR run_analysis - error :Reading failed at line 30001. All lines of a text file must have the same number of delimiters. Line 30001 has 2 delimiters, while preceding lines have 20.

Note: readtable detected the following parameters:
'HeaderLines', 0, 'ReadVariableNames', true, 'Format', '%f%q%q%q%f%q%f%q%q%f%f%f%f%f%f%f%f%f%f%q%f' in readtable line:198
2018-10-23 14:01:58,773 DEBUG run_analysis - readtable line: 198
2018-10-23 14:01:58,776 DEBUG run_analysis - SDAR.faster_slicer line: 62
2018-10-23 14:01:58,777 DEBUG run_analysis - SDAR.SDAR line: 39
2018-10-23 14:01:58,781 DEBUG run_analysis - FT_Interface.run_analysis line: 192
2018-10-23 14:01:58,783 DEBUG run_analysis - Run_Callback line: 487
2018-10-23 14:01:58,785 DEBUG run_analysis - gui_mainfcn line: 95
2018-10-23 14:01:58,786 DEBUG run_analysis - FAST line: 42
2018-10-23 14:01:58,788 DEBUG run_analysis - @(hObject,eventdata)FAST('Run_Callback',hObject,eventdata,guidata(hObject)) line: 0
2018-10-23 14:01:58,793 INFO run_analysis - Analysis Complete - Elapsed time =00:01:36.662
2018-10-23 14:04:46,087 INFO run_analysis - Analysis started
2018-10-23 14:06:14,144 ERROR run_analysis - error :Reading failed at line 30001. All lines of a text file must have the same number of delimiters. Line 30001 has 2 delimiters, while preceding lines have 20.

Note: readtable detected the following parameters:
'HeaderLines', 0, 'ReadVariableNames', true, 'Format', '%f%q%q%q%f%q%f%q%q%f%f%f%f%f%f%f%f%f%f%q%f' in readtable line:198
2018-10-23 14:06:14,154 DEBUG run_analysis - readtable line: 198
2018-10-23 14:06:14,165 DEBUG run_analysis - SDAR.faster_slicer line: 62
2018-10-23 14:06:14,189 DEBUG run_analysis - SDAR.SDAR line: 39
2018-10-23 14:06:14,196 DEBUG run_analysis - FT_Interface.run_analysis line: 192
2018-10-23 14:06:14,201 DEBUG run_analysis - Run_Callback line: 487
2018-10-23 14:06:14,203 DEBUG run_analysis - gui_mainfcn line: 95
2018-10-23 14:06:14,205 DEBUG run_analysis - FAST line: 42
2018-10-23 14:06:14,210 DEBUG run_analysis - @(hObject,eventdata)FAST('Run_Callback',hObject,eventdata,guidata(hObject)) line: 0
2018-10-23 14:06:14,221 INFO run_analysis - Analysis Complete - Elapsed time =00:01:28.122
2018-10-23 14:11:21,008 INFO run_analysis - Analysis started
2018-10-23 14:12:58,276 WARN run_analysis - MGSs file not
2018-10-23 14:12:58,281 WARN run_analysis - FPGA log not found.
2018-10-23 14:12:58,728 WARN run_analysis - transcript file not found.
2018-10-23 14:12:58,732 INFO run_analysis - Analysis Complete - Elapsed time =00:01:37.720
2018-10-23 14:14:06,596 INFO save_figs - Figures Done - Elapsed time =00:00:23.599
2018-10-23 14:17:56,862 INFO save_figs - Figures Done - Elapsed time =00:00:16.836
2018-10-23 18:28:41,533 INFO generate report - Complete - Elapsed time =00:00:50.047
2018-10-23 19:15:23,733 INFO init - start
2018-10-23 19:26:03,487 INFO init - start
2018-10-23 19:27:41,146 INFO run_analysis - Analysis started
2018-10-23 19:29:06,174 WARN run_analysis - MGSs file not
2018-10-23 19:29:06,184 WARN run_analysis - FPGA log not found.
2018-10-23 19:29:06,592 WARN run_analysis - transcript file not found.
2018-10-23 19:29:06,602 INFO run_analysis - Analysis Complete - Elapsed time =00:01:25.437
2018-10-23 19:30:12,210 INFO save_figs - Figures Done - Elapsed time =00:00:24.441
2018-12-03 17:06:05,789 INFO init - start
2018-12-03 17:06:27,010 INFO init - start
2018-12-18 16:56:42,434 INFO init - start
2018-12-18 21:18:02,526 INFO init - start
2020-11-09 13:33:45,258 INFO init - start
2020-11-09 13:34:38,590 INFO init - start
2021-01-12 19:36:20,830 INFO init - start
2021-01-12 20:27:03,578 INFO init - start
2021-04-07 18:44:06,172 INFO init - start
2021-04-07 18:51:25,808 INFO run_analysis - Analysis started
2021-04-07 18:51:43,338 ERROR run_analysis - error :Unrecognized table variable name 'sdar_time'. in SDAR.faster_slicer line:64
2021-04-07 18:51:43,348 DEBUG run_analysis - SDAR.faster_slicer line: 64
2021-04-07 18:51:43,374 DEBUG run_analysis - SDAR.SDAR line: 39
2021-04-07 18:51:43,393 DEBUG run_analysis - FT_Interface.run_analysis line: 192
2021-04-07 18:51:43,413 DEBUG run_analysis - Run_Callback line: 482
2021-04-07 18:51:43,427 DEBUG run_analysis - gui_mainfcn line: 95
2021-04-07 18:51:43,439 DEBUG run_analysis - FAST line: 42
2021-04-07 18:51:43,452 DEBUG run_analysis - @(hObject,eventdata)FAST('Run_Callback',hObject,eventdata,guidata(hObject)) line: 0
2021-04-07 18:51:43,469 INFO run_analysis - Analysis Complete - Elapsed time =00:00:17.657
2021-04-07 18:52:35,883 INFO run_analysis - Analysis started
2021-04-07 18:52:48,943 ERROR run_analysis - error :Unrecognized table variable name 'sdar_time'. in SDAR.faster_slicer line:64
2021-04-07 18:52:48,947 DEBUG run_analysis - SDAR.faster_slicer line: 64
2021-04-07 18:52:48,962 DEBUG run_analysis - SDAR.SDAR line: 39
2021-04-07 18:52:48,974 DEBUG run_analysis - FT_Interface.run_analysis line: 192
2021-04-07 18:52:48,987 DEBUG run_analysis - Run_Callback line: 482
2021-04-07 18:52:49,004 DEBUG run_analysis - gui_mainfcn line: 95
2021-04-07 18:52:49,017 DEBUG run_analysis - FAST line: 42
2021-04-07 18:52:49,032 DEBUG run_analysis - @(hObject,eventdata)FAST('Run_Callback',hObject,eventdata,guidata(hObject)) line: 0
2021-04-07 18:52:49,047 INFO run_analysis - Analysis Complete - Elapsed time =00:00:13.163
2021-04-07 18:56:28,606 INFO run_analysis - Analysis started
2021-04-07 18:57:26,707 ERROR run_analysis - error :Unrecognized table variable name 'sdar_time'. in SDAR.faster_slicer line:64
2021-04-07 18:57:26,730 DEBUG run_analysis - SDAR.faster_slicer line: 64
2021-04-07 18:57:26,737 DEBUG run_analysis - SDAR.SDAR line: 39
2021-04-07 18:57:26,744 DEBUG run_analysis - FT_Interface.run_analysis line: 192
2021-04-07 18:57:26,750 DEBUG run_analysis - Run_Callback line: 482
2021-04-07 18:57:26,757 DEBUG run_analysis - gui_mainfcn line: 95
2021-04-07 18:57:26,766 DEBUG run_analysis - FAST line: 42
2021-04-07 18:57:26,773 DEBUG run_analysis - @(hObject,eventdata)FAST('Run_Callback',hObject,eventdata,guidata(hObject)) line: 0
2021-04-07 18:57:26,784 INFO run_analysis - Analysis Complete - Elapsed time =00:00:58.174
2021-04-07 18:57:34,230 INFO run_analysis - Analysis started
2021-04-07 19:39:28,624 INFO run_analysis - Analysis started
2021-04-07 19:40:12,400 ERROR run_analysis - error :Index exceeds the number of array elements (1). in SDAR.sdar_events line:288
2021-04-07 19:40:12,404 DEBUG run_analysis - SDAR.sdar_events line: 288
2021-04-07 19:40:12,410 DEBUG run_analysis - SDAR.faster_slicer line: 105
2021-04-07 19:40:12,416 DEBUG run_analysis - SDAR.SDAR line: 39
2021-04-07 19:40:12,422 DEBUG run_analysis - FT_Interface.run_analysis line: 192
2021-04-07 19:40:12,429 DEBUG run_analysis - Run_Callback line: 482
2021-04-07 19:40:12,435 DEBUG run_analysis - gui_mainfcn line: 95
2021-04-07 19:40:12,441 DEBUG run_analysis - FAST line: 42
2021-04-07 19:40:12,448 DEBUG run_analysis - @(hObject,eventdata)FAST('Run_Callback',hObject,eventdata,guidata(hObject)) line: 0
2021-04-07 19:40:12,458 INFO run_analysis - Analysis Complete - Elapsed time =00:00:43.835
2021-04-07 19:40:23,507 INFO run_analysis - Analysis started
2021-04-07 19:40:43,376 ERROR run_analysis - error :Index exceeds the number of array elements (1). in SDAR.sdar_events line:288
2021-04-07 19:40:43,382 DEBUG run_analysis - SDAR.sdar_events line: 288
2021-04-07 19:40:43,390 DEBUG run_analysis - SDAR.faster_slicer line: 105
2021-04-07 19:40:43,397 DEBUG run_analysis - SDAR.SDAR line: 39
2021-04-07 19:40:43,404 DEBUG run_analysis - FT_Interface.run_analysis line: 192
2021-04-07 19:40:43,411 DEBUG run_analysis - Run_Callback line: 482
2021-04-07 19:40:43,419 DEBUG run_analysis - gui_mainfcn line: 95
2021-04-07 19:40:43,427 DEBUG run_analysis - FAST line: 42
2021-04-07 19:40:43,437 DEBUG run_analysis - @(hObject,eventdata)FAST('Run_Callback',hObject,eventdata,guidata(hObject)) line: 0
2021-04-07 19:40:43,446 INFO run_analysis - Analysis Complete - Elapsed time =00:00:19.940
2021-04-07 19:41:58,843 INFO run_analysis - Analysis started
2021-04-07 19:42:12,582 ERROR run_analysis - error :Index exceeds the number of array elements (1). in SDAR.sdar_events line:288
2021-04-07 19:42:12,584 DEBUG run_analysis - SDAR.sdar_events line: 288
2021-04-07 19:42:12,590 DEBUG run_analysis - SDAR.faster_slicer line: 105
2021-04-07 19:42:12,596 DEBUG run_analysis - SDAR.SDAR line: 39
2021-04-07 19:42:12,602 DEBUG run_analysis - FT_Interface.run_analysis line: 192
2021-04-07 19:42:12,608 DEBUG run_analysis - Run_Callback line: 482
2021-04-07 19:42:12,614 DEBUG run_analysis - gui_mainfcn line: 95
2021-04-07 19:42:12,621 DEBUG run_analysis - FAST line: 42
2021-04-07 19:42:12,627 DEBUG run_analysis - @(hObject,eventdata)FAST('Run_Callback',hObject,eventdata,guidata(hObject)) line: 0
2021-04-07 19:42:12,633 INFO run_analysis - Analysis Complete - Elapsed time =00:00:13.790
2021-04-07 19:44:30,854 INFO run_analysis - Analysis started
2021-04-07 19:57:45,167 INFO run_analysis - Analysis started
2021-04-07 19:57:59,230 ERROR run_analysis - error :Delimiter must be a string array, character vector, or cell array of character vectors. in readtable line:245
2021-04-07 19:57:59,232 DEBUG run_analysis - readtable line: 245
2021-04-07 19:57:59,239 DEBUG run_analysis - SDAR.faster_slicer line: 64
2021-04-07 19:57:59,246 DEBUG run_analysis - SDAR.SDAR line: 39
2021-04-07 19:57:59,253 DEBUG run_analysis - FT_Interface.run_analysis line: 192
2021-04-07 19:57:59,260 DEBUG run_analysis - Run_Callback line: 482
2021-04-07 19:57:59,267 DEBUG run_analysis - gui_mainfcn line: 95
2021-04-07 19:57:59,273 DEBUG run_analysis - FAST line: 42
2021-04-07 19:57:59,279 DEBUG run_analysis - @(hObject,eventdata)FAST('Run_Callback',hObject,eventdata,guidata(hObject)) line: 0
2021-04-07 19:57:59,286 INFO run_analysis - Analysis Complete - Elapsed time =00:00:14.119
2021-04-07 19:58:54,585 INFO run_analysis - Analysis started
2021-04-07 19:59:08,209 ERROR run_analysis - error :All parameters must have an associated value. in readtable line:245
2021-04-07 19:59:08,211 DEBUG run_analysis - readtable line: 245
2021-04-07 19:59:08,219 DEBUG run_analysis - SDAR.faster_slicer line: 64
2021-04-07 19:59:08,227 DEBUG run_analysis - SDAR.SDAR line: 39
2021-04-07 19:59:08,235 DEBUG run_analysis - FT_Interface.run_analysis line: 192
2021-04-07 19:59:08,252 DEBUG run_analysis - Run_Callback line: 482
2021-04-07 19:59:08,260 DEBUG run_analysis - gui_mainfcn line: 95
2021-04-07 19:59:08,270 DEBUG run_analysis - FAST line: 42
2021-04-07 19:59:08,278 DEBUG run_analysis - @(hObject,eventdata)FAST('Run_Callback',hObject,eventdata,guidata(hObject)) line: 0
2021-04-07 19:59:08,285 INFO run_analysis - Analysis Complete - Elapsed time =00:00:13.700
2021-04-07 20:00:57,417 INFO run_analysis - Analysis started
2021-04-07 20:01:15,869 ERROR run_analysis - error :Cell array input must be a cell array of character vectors. in unique line:85
2021-04-07 20:01:15,871 DEBUG run_analysis - unique line: 85
2021-04-07 20:01:15,877 DEBUG run_analysis - SDAR.faster_slicer line: 102
2021-04-07 20:01:15,885 DEBUG run_analysis - SDAR.SDAR line: 39
2021-04-07 20:01:15,892 DEBUG run_analysis - FT_Interface.run_analysis line: 192
2021-04-07 20:01:15,899 DEBUG run_analysis - Run_Callback line: 482
2021-04-07 20:01:15,907 DEBUG run_analysis - gui_mainfcn line: 95
2021-04-07 20:01:15,916 DEBUG run_analysis - FAST line: 42
2021-04-07 20:01:15,923 DEBUG run_analysis - @(hObject,eventdata)FAST('Run_Callback',hObject,eventdata,guidata(hObject)) line: 0
2021-04-07 20:01:15,932 INFO run_analysis - Analysis Complete - Elapsed time =00:00:18.515
2021-04-07 20:02:31,428 INFO run_analysis - Analysis started
2021-04-07 20:03:03,565 ERROR run_analysis - error :Cell array input must be a cell array of character vectors. in unique line:85
2021-04-07 20:03:03,567 DEBUG run_analysis - unique line: 85
2021-04-07 20:03:03,576 DEBUG run_analysis - SDAR.faster_slicer line: 102
2021-04-07 20:03:03,582 DEBUG run_analysis - SDAR.SDAR line: 39
2021-04-07 20:03:03,589 DEBUG run_analysis - FT_Interface.run_analysis line: 192
2021-04-07 20:03:03,597 DEBUG run_analysis - Run_Callback line: 482
2021-04-07 20:03:03,605 DEBUG run_analysis - gui_mainfcn line: 95
2021-04-07 20:03:03,612 DEBUG run_analysis - FAST line: 42
2021-04-07 20:03:03,619 DEBUG run_analysis - @(hObject,eventdata)FAST('Run_Callback',hObject,eventdata,guidata(hObject)) line: 0
2021-04-07 20:03:03,626 INFO run_analysis - Analysis Complete - Elapsed time =00:00:32.197
2021-04-07 20:03:29,985 INFO run_analysis - Analysis started
2021-04-07 20:05:20,124 ERROR run_analysis - error :Cell array input must be a cell array of character vectors. in unique line:85
2021-04-07 20:05:20,142 DEBUG run_analysis - unique line: 85
2021-04-07 20:05:20,147 DEBUG run_analysis - SDAR.faster_slicer line: 102
2021-04-07 20:05:20,151 DEBUG run_analysis - SDAR.SDAR line: 39
2021-04-07 20:05:20,157 DEBUG run_analysis - FT_Interface.run_analysis line: 192
2021-04-07 20:05:20,162 DEBUG run_analysis - Run_Callback line: 482
2021-04-07 20:05:20,167 DEBUG run_analysis - gui_mainfcn line: 95
2021-04-07 20:05:20,173 DEBUG run_analysis - FAST line: 42
2021-04-07 20:05:20,179 DEBUG run_analysis - @(hObject,eventdata)FAST('Run_Callback',hObject,eventdata,guidata(hObject)) line: 0
2021-04-07 20:05:20,188 INFO run_analysis - Analysis Complete - Elapsed time =00:01:50.200
2021-04-07 20:06:45,463 INFO run_analysis - Analysis started
2021-04-07 20:09:44,811 INFO run_analysis - Analysis started
2021-04-07 20:10:19,728 WARN run_analysis - MGSs file not
2021-04-07 20:10:19,734 WARN run_analysis - FPGA log not found.
2021-04-07 20:10:19,772 WARN run_analysis - transcript file not found.
2021-04-07 20:10:19,776 INFO run_analysis - Analysis Complete - Elapsed time =00:00:34.964
2021-04-07 20:10:38,803 INFO save_figs - Figures Done - Elapsed time =00:00:12.250
2021-04-07 20:11:43,916 INFO run_analysis - Analysis started
2021-04-07 20:12:02,485 WARN run_analysis - MGSs file not
2021-04-07 20:12:02,494 WARN run_analysis - FPGA log not found.
2021-04-07 20:12:02,518 WARN run_analysis - transcript file not found.
2021-04-07 20:12:02,521 INFO run_analysis - Analysis Complete - Elapsed time =00:00:18.604
2021-04-07 20:12:17,584 INFO save_figs - Figures Done - Elapsed time =00:00:09.037
2021-04-07 20:18:03,310 INFO run_analysis - Analysis started
2021-04-07 20:22:33,523 INFO run_analysis - Analysis started
2021-04-07 20:26:20,039 INFO run_analysis - Analysis started
2021-04-07 20:38:14,084 WARN run_analysis - MGSs file not
2021-04-07 20:38:14,093 WARN run_analysis - FPGA log not found.
2021-04-07 20:38:14,126 WARN run_analysis - transcript file not found.
2021-04-07 20:38:14,133 INFO run_analysis - Analysis Complete - Elapsed time =00:11:54.116
2021-04-07 20:38:28,000 INFO run_analysis - Analysis started
2021-04-07 20:39:25,897 WARN run_analysis - MGSs file not
2021-04-07 20:39:25,903 WARN run_analysis - FPGA log not found.
2021-04-07 20:39:25,925 WARN run_analysis - transcript file not found.
2021-04-07 20:39:25,928 INFO run_analysis - Analysis Complete - Elapsed time =00:00:57.928
2021-04-07 20:40:10,760 INFO run_analysis - Analysis started
2021-04-07 20:45:15,734 WARN run_analysis - MGSs file not
2021-04-07 20:45:15,745 WARN run_analysis - FPGA log not found.
2021-04-07 20:45:15,805 WARN run_analysis - transcript file not found.
2021-04-07 20:45:15,813 INFO run_analysis - Analysis Complete - Elapsed time =00:05:05.049
2021-04-07 20:45:24,864 INFO run_analysis - Analysis started
2021-04-07 20:58:25,194 WARN run_analysis - MGSs file not
2021-04-07 20:58:25,204 WARN run_analysis - FPGA log not found.
2021-04-07 20:58:25,270 WARN run_analysis - transcript file not found.
2021-04-07 20:58:25,287 INFO run_analysis - Analysis Complete - Elapsed time =00:13:00.413
2021-04-07 20:59:39,093 INFO run_analysis - Analysis started
2021-04-07 21:01:39,836 ERROR run_analysis - error :Undefined function 'isnan' for input arguments of type 'string'. in SDAR.faster_cleaner line:235
2021-04-07 21:01:39,844 DEBUG run_analysis - SDAR.faster_cleaner line: 235
2021-04-07 21:01:39,855 DEBUG run_analysis - SDAR.faster_cleaner line: 239
2021-04-07 21:01:39,864 DEBUG run_analysis - SDAR.faster_cleaner line: 239
2021-04-07 21:01:39,874 DEBUG run_analysis - SDAR.SDAR line: 52
2021-04-07 21:01:39,888 DEBUG run_analysis - FT_Interface.run_analysis line: 192
2021-04-07 21:01:39,900 DEBUG run_analysis - Run_Callback line: 482
2021-04-07 21:01:39,911 DEBUG run_analysis - gui_mainfcn line: 95
2021-04-07 21:01:39,934 DEBUG run_analysis - FAST line: 42
2021-04-07 21:01:39,951 DEBUG run_analysis - @(hObject,eventdata)FAST('Run_Callback',hObject,eventdata,guidata(hObject)) line: 0
2021-04-07 21:01:39,962 INFO run_analysis - Analysis Complete - Elapsed time =00:02:00.869
2021-04-07 21:02:00,944 INFO save_figs - Figures Done - Elapsed time =00:00:15.420
2021-04-07 21:03:15,579 INFO run_analysis - Analysis started
2021-04-07 21:05:53,478 ERROR run_analysis - error :Undefined function 'isnan' for input arguments of type 'string'. in SDAR.faster_cleaner line:235
2021-04-07 21:05:53,488 DEBUG run_analysis - SDAR.faster_cleaner line: 235
2021-04-07 21:05:53,497 DEBUG run_analysis - SDAR.faster_cleaner line: 239
2021-04-07 21:05:53,507 DEBUG run_analysis - SDAR.faster_cleaner line: 239
2021-04-07 21:05:53,526 DEBUG run_analysis - SDAR.SDAR line: 52
2021-04-07 21:05:53,538 DEBUG run_analysis - FT_Interface.run_analysis line: 192
2021-04-07 21:05:53,554 DEBUG run_analysis - Run_Callback line: 482
2021-04-07 21:05:53,567 DEBUG run_analysis - gui_mainfcn line: 95
2021-04-07 21:05:53,582 DEBUG run_analysis - FAST line: 42
2021-04-07 21:05:53,599 DEBUG run_analysis - @(hObject,eventdata)FAST('Run_Callback',hObject,eventdata,guidata(hObject)) line: 0
2021-04-07 21:05:53,622 INFO run_analysis - Analysis Complete - Elapsed time =00:02:38.032
2021-04-07 21:06:05,807 INFO run_analysis - Analysis started
2021-04-07 21:19:19,755 ERROR run_analysis - error :Undefined function 'isnan' for input arguments of type 'string'. in SDAR.faster_cleaner line:235
2021-04-07 21:19:19,760 DEBUG run_analysis - SDAR.faster_cleaner line: 235
2021-04-07 21:19:19,766 DEBUG run_analysis - SDAR.faster_cleaner line: 239
2021-04-07 21:19:19,772 DEBUG run_analysis - SDAR.faster_cleaner line: 239
2021-04-07 21:19:19,778 DEBUG run_analysis - SDAR.SDAR line: 52
2021-04-07 21:19:19,786 DEBUG run_analysis - FT_Interface.run_analysis line: 192
2021-04-07 21:19:19,793 DEBUG run_analysis - Run_Callback line: 482
2021-04-07 21:19:19,800 DEBUG run_analysis - gui_mainfcn line: 95
2021-04-07 21:19:19,810 DEBUG run_analysis - FAST line: 42
2021-04-07 21:19:19,818 DEBUG run_analysis - @(hObject,eventdata)FAST('Run_Callback',hObject,eventdata,guidata(hObject)) line: 0
2021-04-07 21:19:19,832 INFO run_analysis - Analysis Complete - Elapsed time =00:13:14.021
2021-04-07 21:20:16,579 INFO run_analysis - Analysis started
2021-04-07 21:22:37,521 ERROR run_analysis - error :Undefined function 'isnan' for input arguments of type 'string'. in SDAR.faster_cleaner line:235
2021-04-07 21:22:37,526 DEBUG run_analysis - SDAR.faster_cleaner line: 235
2021-04-07 21:22:37,534 DEBUG run_analysis - SDAR.faster_cleaner line: 239
2021-04-07 21:22:37,542 DEBUG run_analysis - SDAR.faster_cleaner line: 239
2021-04-07 21:22:37,551 DEBUG run_analysis - SDAR.SDAR line: 52
2021-04-07 21:22:37,561 DEBUG run_analysis - FT_Interface.run_analysis line: 192
2021-04-07 21:22:37,569 DEBUG run_analysis - Run_Callback line: 482
2021-04-07 21:22:37,578 DEBUG run_analysis - gui_mainfcn line: 95
2021-04-07 21:22:37,586 DEBUG run_analysis - FAST line: 42
2021-04-07 21:22:37,598 DEBUG run_analysis - @(hObject,eventdata)FAST('Run_Callback',hObject,eventdata,guidata(hObject)) line: 0
2021-04-07 21:22:37,611 INFO run_analysis - Analysis Complete - Elapsed time =00:02:21.026
2021-04-07 21:27:01,271 INFO run_analysis - Analysis started
2021-04-07 21:27:36,219 WARN run_analysis - MGSs file not
2021-04-07 21:27:36,231 WARN run_analysis - FPGA log not found.
2021-04-07 21:27:36,274 WARN run_analysis - transcript file not found.
2021-04-07 21:27:36,278 INFO run_analysis - Analysis Complete - Elapsed time =00:00:35.009
2021-04-07 21:28:27,955 INFO save_figs - Figures Done - Elapsed time =00:00:26.396
2021-05-08 16:32:38,860 INFO init - start
2021-07-05 16:06:24,889 INFO init - start
2021-07-05 17:00:17,083 INFO init - start
